<?xml version="1.0" encoding="UTF-8"?>
<coverage generated="1649236666400" clover="3.2.0">
  <project timestamp="1649236666400" name="All files">
    <metrics statements="136" coveredstatements="133" conditionals="82" coveredconditionals="80" methods="39" coveredmethods="39" elements="257" coveredelements="252" complexity="0" loc="136" ncloc="136" packages="16" files="22" classes="22"/>
    <package name="src">
      <metrics statements="4" coveredstatements="1" conditionals="0" coveredconditionals="0" methods="1" coveredmethods="1"/>
      <file name="App.js" path="C:\React Projects\age-of-units\src\App.js">
        <metrics statements="1" coveredstatements="1" conditionals="0" coveredconditionals="0" methods="1" coveredmethods="1"/>
        <line num="10" count="4" type="stmt"/>
      </file>
      <file name="index.js" path="C:\React Projects\age-of-units\src\index.js">
        <metrics statements="3" coveredstatements="0" conditionals="0" coveredconditionals="0" methods="0" coveredmethods="0"/>
        <line num="9" count="0" type="stmt"/>
        <line num="11" count="0" type="stmt"/>
        <line num="13" count="0" type="stmt"/>
      </file>
    </package>
    <package name="src.components.Filters">
      <metrics statements="2" coveredstatements="2" conditionals="0" coveredconditionals="0" methods="1" coveredmethods="1"/>
      <file name="index.js" path="C:\React Projects\age-of-units\src\components\Filters\index.js">
        <metrics statements="2" coveredstatements="2" conditionals="0" coveredconditionals="0" methods="1" coveredmethods="1"/>
        <line num="6" count="3" type="stmt"/>
        <line num="7" count="3" type="stmt"/>
      </file>
    </package>
    <package name="src.components.Filters.AgeFilter">
      <metrics statements="7" coveredstatements="7" conditionals="0" coveredconditionals="0" methods="3" coveredmethods="3"/>
      <file name="index.js" path="C:\React Projects\age-of-units\src\components\Filters\AgeFilter\index.js">
        <metrics statements="7" coveredstatements="7" conditionals="0" coveredconditionals="0" methods="3" coveredmethods="3"/>
        <line num="8" count="4" type="stmt"/>
        <line num="9" count="9" type="stmt"/>
        <line num="10" count="19" type="stmt"/>
        <line num="11" count="9" type="stmt"/>
        <line num="13" count="9" type="stmt"/>
        <line num="15" count="1" type="stmt"/>
        <line num="20" count="9" type="stmt"/>
      </file>
    </package>
    <package name="src.components.Filters.CostFilter">
      <metrics statements="10" coveredstatements="10" conditionals="6" coveredconditionals="6" methods="4" coveredmethods="4"/>
      <file name="index.js" path="C:\React Projects\age-of-units\src\components\Filters\CostFilter\index.js">
        <metrics statements="10" coveredstatements="10" conditionals="6" coveredconditionals="6" methods="4" coveredmethods="4"/>
        <line num="8" count="4" type="stmt"/>
        <line num="9" count="27" type="stmt"/>
        <line num="10" count="62" type="stmt"/>
        <line num="11" count="27" type="stmt"/>
        <line num="13" count="27" type="stmt"/>
        <line num="15" count="32" type="stmt"/>
        <line num="26" count="27" type="stmt"/>
        <line num="28" count="3" type="stmt"/>
        <line num="37" count="27" type="stmt"/>
        <line num="43" count="27" type="stmt"/>
      </file>
    </package>
    <package name="src.components.ImageContainer">
      <metrics statements="2" coveredstatements="2" conditionals="0" coveredconditionals="0" methods="1" coveredmethods="1"/>
      <file name="index.js" path="C:\React Projects\age-of-units\src\components\ImageContainer\index.js">
        <metrics statements="2" coveredstatements="2" conditionals="0" coveredconditionals="0" methods="1" coveredmethods="1"/>
        <line num="6" count="2" type="stmt"/>
        <line num="7" count="2" type="stmt"/>
      </file>
    </package>
    <package name="src.components.MainHeader">
      <metrics statements="4" coveredstatements="4" conditionals="4" coveredconditionals="4" methods="3" coveredmethods="3"/>
      <file name="index.js" path="C:\React Projects\age-of-units\src\components\MainHeader\index.js">
        <metrics statements="4" coveredstatements="4" conditionals="4" coveredconditionals="4" methods="3" coveredmethods="3"/>
        <line num="4" count="2" type="stmt"/>
        <line num="5" count="4" type="stmt"/>
        <line num="12" count="9" type="cond" truecount="2" falsecount="0"/>
        <line num="20" count="9" type="cond" truecount="2" falsecount="0"/>
      </file>
    </package>
    <package name="src.components.NotFound">
      <metrics statements="2" coveredstatements="2" conditionals="0" coveredconditionals="0" methods="1" coveredmethods="1"/>
      <file name="index.js" path="C:\React Projects\age-of-units\src\components\NotFound\index.js">
        <metrics statements="2" coveredstatements="2" conditionals="0" coveredconditionals="0" methods="1" coveredmethods="1"/>
        <line num="4" count="2" type="stmt"/>
        <line num="5" count="2" type="stmt"/>
      </file>
    </package>
    <package name="src.components.UI.Card">
      <metrics statements="3" coveredstatements="3" conditionals="0" coveredconditionals="0" methods="1" coveredmethods="1"/>
      <file name="index.js" path="C:\React Projects\age-of-units\src\components\UI\Card\index.js">
        <metrics statements="3" coveredstatements="3" conditionals="0" coveredconditionals="0" methods="1" coveredmethods="1"/>
        <line num="5" count="2" type="stmt"/>
        <line num="6" count="2" type="stmt"/>
        <line num="11" count="2" type="stmt"/>
      </file>
    </package>
    <package name="src.components.UI.MultiRangeSlider">
      <metrics statements="29" coveredstatements="29" conditionals="12" coveredconditionals="11" methods="7" coveredmethods="7"/>
      <file name="index.js" path="C:\React Projects\age-of-units\src\components\UI\MultiRangeSlider\index.js">
        <metrics statements="29" coveredstatements="29" conditionals="12" coveredconditionals="11" methods="7" coveredmethods="7"/>
        <line num="5" count="4" type="stmt"/>
        <line num="13" count="89" type="stmt"/>
        <line num="14" count="89" type="stmt"/>
        <line num="15" count="89" type="stmt"/>
        <line num="16" count="89" type="stmt"/>
        <line num="17" count="89" type="stmt"/>
        <line num="20" count="89" type="stmt"/>
        <line num="21" count="64" type="stmt"/>
        <line num="26" count="89" type="stmt"/>
        <line num="27" count="32" type="stmt"/>
        <line num="28" count="32" type="stmt"/>
        <line num="29" count="32" type="cond" truecount="1" falsecount="1"/>
        <line num="30" count="32" type="stmt"/>
        <line num="31" count="32" type="stmt"/>
        <line num="32" count="32" type="stmt"/>
        <line num="37" count="89" type="stmt"/>
        <line num="38" count="32" type="stmt"/>
        <line num="42" count="89" type="stmt"/>
        <line num="43" count="27" type="cond" truecount="2" falsecount="0"/>
        <line num="44" count="18" type="stmt"/>
        <line num="45" count="18" type="stmt"/>
        <line num="49" count="89" type="stmt"/>
        <line num="58" count="4" type="stmt"/>
        <line num="59" count="4" type="stmt"/>
        <line num="60" count="4" type="stmt"/>
        <line num="75" count="4" type="stmt"/>
        <line num="76" count="4" type="stmt"/>
        <line num="77" count="4" type="stmt"/>
        <line num="97" count="4" type="stmt"/>
      </file>
    </package>
    <package name="src.components.UnitProperties">
      <metrics statements="14" coveredstatements="14" conditionals="20" coveredconditionals="19" methods="3" coveredmethods="3"/>
      <file name="index.js" path="C:\React Projects\age-of-units\src\components\UnitProperties\index.js">
        <metrics statements="14" coveredstatements="14" conditionals="20" coveredconditionals="19" methods="3" coveredmethods="3"/>
        <line num="7" count="2" type="stmt"/>
        <line num="8" count="4" type="stmt"/>
        <line num="9" count="4" type="stmt"/>
        <line num="11" count="4" type="stmt"/>
        <line num="12" count="4" type="stmt"/>
        <line num="14" count="4" type="stmt"/>
        <line num="15" count="4" type="stmt"/>
        <line num="17" count="294" type="stmt"/>
        <line num="19" count="4" type="cond" truecount="2" falsecount="0"/>
        <line num="20" count="1" type="stmt"/>
        <line num="22" count="3" type="stmt"/>
        <line num="23" count="3" type="cond" truecount="2" falsecount="0"/>
        <line num="24" count="2" type="stmt"/>
        <line num="28" count="3" type="stmt"/>
      </file>
    </package>
    <package name="src.components.UnitsList">
      <metrics statements="26" coveredstatements="26" conditionals="33" coveredconditionals="33" methods="6" coveredmethods="6"/>
      <file name="index.js" path="C:\React Projects\age-of-units\src\components\UnitsList\index.js">
        <metrics statements="26" coveredstatements="26" conditionals="33" coveredconditionals="33" methods="6" coveredmethods="6"/>
        <line num="7" count="5" type="stmt"/>
        <line num="8" count="56" type="stmt"/>
        <line num="10" count="26" type="stmt"/>
        <line num="11" count="26" type="stmt"/>
        <line num="12" count="26" type="stmt"/>
        <line num="13" count="26" type="stmt"/>
        <line num="15" count="26" type="stmt"/>
        <line num="16" count="26" type="stmt"/>
        <line num="17" count="26" type="stmt"/>
        <line num="19" count="26" type="stmt"/>
        <line num="21" count="2704" type="stmt"/>
        <line num="22" count="2704" type="cond" truecount="2" falsecount="0"/>
        <line num="23" count="2470" type="stmt"/>
        <line num="26" count="2704" type="stmt"/>
        <line num="32" count="2704" type="cond" truecount="2" falsecount="0"/>
        <line num="34" count="1768" type="stmt"/>
        <line num="39" count="2704" type="cond" truecount="2" falsecount="0"/>
        <line num="40" count="1248" type="stmt"/>
        <line num="45" count="2704" type="cond" truecount="2" falsecount="0"/>
        <line num="46" count="728" type="stmt"/>
        <line num="52" count="2704" type="cond" truecount="2" falsecount="0"/>
        <line num="53" count="2600" type="cond" truecount="3" falsecount="0"/>
        <line num="56" count="104" type="stmt"/>
        <line num="65" count="26" type="stmt"/>
        <line num="82" count="1550" type="stmt"/>
        <line num="92" count="2709" type="stmt"/>
      </file>
    </package>
    <package name="src.pages">
      <metrics statements="8" coveredstatements="8" conditionals="0" coveredconditionals="0" methods="4" coveredmethods="4"/>
      <file name="HomePage.js" path="C:\React Projects\age-of-units\src\pages\HomePage.js">
        <metrics statements="2" coveredstatements="2" conditionals="0" coveredconditionals="0" methods="1" coveredmethods="1"/>
        <line num="3" count="2" type="stmt"/>
        <line num="4" count="2" type="stmt"/>
      </file>
      <file name="NotFoundPage.js" path="C:\React Projects\age-of-units\src\pages\NotFoundPage.js">
        <metrics statements="2" coveredstatements="2" conditionals="0" coveredconditionals="0" methods="1" coveredmethods="1"/>
        <line num="3" count="2" type="stmt"/>
        <line num="4" count="2" type="stmt"/>
      </file>
      <file name="UnitDetails.js" path="C:\React Projects\age-of-units\src\pages\UnitDetails.js">
        <metrics statements="2" coveredstatements="2" conditionals="0" coveredconditionals="0" methods="1" coveredmethods="1"/>
        <line num="4" count="2" type="stmt"/>
        <line num="5" count="4" type="stmt"/>
      </file>
      <file name="Units.js" path="C:\React Projects\age-of-units\src\pages\Units.js">
        <metrics statements="2" coveredstatements="2" conditionals="0" coveredconditionals="0" methods="1" coveredmethods="1"/>
        <line num="4" count="2" type="stmt"/>
        <line num="5" count="2" type="stmt"/>
      </file>
    </package>
    <package name="src.store">
      <metrics statements="2" coveredstatements="2" conditionals="2" coveredconditionals="2" methods="0" coveredmethods="0"/>
      <file name="index.js" path="C:\React Projects\age-of-units\src\store\index.js">
        <metrics statements="2" coveredstatements="2" conditionals="2" coveredconditionals="2" methods="0" coveredmethods="0"/>
        <line num="5" count="6" type="cond" truecount="2" falsecount="0"/>
        <line num="7" count="6" type="stmt"/>
      </file>
    </package>
    <package name="src.store.actionTypes">
      <metrics statements="4" coveredstatements="4" conditionals="0" coveredconditionals="0" methods="0" coveredmethods="0"/>
      <file name="dimension.js" path="C:\React Projects\age-of-units\src\store\actionTypes\dimension.js">
        <metrics statements="3" coveredstatements="3" conditionals="0" coveredconditionals="0" methods="0" coveredmethods="0"/>
        <line num="1" count="6" type="stmt"/>
        <line num="2" count="6" type="stmt"/>
        <line num="3" count="6" type="stmt"/>
      </file>
      <file name="index.js" path="C:\React Projects\age-of-units\src\store\actionTypes\index.js">
        <metrics statements="1" coveredstatements="1" conditionals="0" coveredconditionals="0" methods="0" coveredmethods="0"/>
        <line num="3" count="6" type="stmt"/>
      </file>
    </package>
    <package name="src.store.actions">
      <metrics statements="7" coveredstatements="7" conditionals="0" coveredconditionals="0" methods="3" coveredmethods="3"/>
      <file name="dimensionActions.js" path="C:\React Projects\age-of-units\src\store\actions\dimensionActions.js">
        <metrics statements="7" coveredstatements="7" conditionals="0" coveredconditionals="0" methods="3" coveredmethods="3"/>
        <line num="3" count="5" type="stmt"/>
        <line num="4" count="1" type="stmt"/>
        <line num="6" count="5" type="stmt"/>
        <line num="7" count="32" type="stmt"/>
        <line num="9" count="5" type="stmt"/>
        <line num="10" count="3" type="stmt"/>
        <line num="13" count="5" type="stmt"/>
      </file>
    </package>
    <package name="src.store.reducers">
      <metrics statements="12" coveredstatements="12" conditionals="5" coveredconditionals="5" methods="1" coveredmethods="1"/>
      <file name="dimensionReducer.js" path="C:\React Projects\age-of-units\src\store\reducers\dimensionReducer.js">
        <metrics statements="11" coveredstatements="11" conditionals="5" coveredconditionals="5" methods="1" coveredmethods="1"/>
        <line num="4" count="6" type="stmt"/>
        <line num="6" count="6" type="stmt"/>
        <line num="28" count="6" type="cond" truecount="1" falsecount="0"/>
        <line num="29" count="54" type="cond" truecount="4" falsecount="0"/>
        <line num="31" count="1" type="stmt"/>
        <line num="36" count="1" type="stmt"/>
        <line num="39" count="32" type="stmt"/>
        <line num="51" count="32" type="stmt"/>
        <line num="54" count="3" type="stmt"/>
        <line num="65" count="3" type="stmt"/>
        <line num="68" count="18" type="stmt"/>
      </file>
      <file name="index.js" path="C:\React Projects\age-of-units\src\store\reducers\index.js">
        <metrics statements="1" coveredstatements="1" conditionals="0" coveredconditionals="0" methods="0" coveredmethods="0"/>
        <line num="4" count="6" type="stmt"/>
      </file>
    </package>
  </project>
</coverage>
