{"C:\\React Projects\\age-of-units\\src\\App.js": {"path":"C:\\React Projects\\age-of-units\\src\\App.js","statementMap":{"0":{"start":{"line":10,"column":2},"end":{"line":20,"column":4}}},"fnMap":{"0":{"name":"App","decl":{"start":{"line":9,"column":9},"end":{"line":9,"column":12}},"loc":{"start":{"line":9,"column":15},"end":{"line":21,"column":1}},"line":9}},"branchMap":{},"s":{"0":4},"f":{"0":4},"b":{},"_coverageSchema":"1a1c01bbd47fc00a2c39e90264f33305004495a9","hash":"e391894bbdb43f69e6a95bc0591dc31b37d32230"}
,"C:\\React Projects\\age-of-units\\src\\index.js": {"path":"C:\\React Projects\\age-of-units\\src\\index.js","statementMap":{"0":{"start":{"line":9,"column":20},"end":{"line":9,"column":51}},"1":{"start":{"line":11,"column":13},"end":{"line":11,"column":51}},"2":{"start":{"line":13,"column":0},"end":{"line":21,"column":2}}},"fnMap":{},"branchMap":{},"s":{"0":0,"1":0,"2":0},"f":{},"b":{}}
,"C:\\React Projects\\age-of-units\\src\\components\\Filters\\index.js": {"path":"C:\\React Projects\\age-of-units\\src\\components\\Filters\\index.js","statementMap":{"0":{"start":{"line":6,"column":16},"end":{"line":19,"column":1}},"1":{"start":{"line":7,"column":2},"end":{"line":18,"column":4}}},"fnMap":{"0":{"name":"(anonymous_0)","decl":{"start":{"line":6,"column":16},"end":{"line":6,"column":17}},"loc":{"start":{"line":6,"column":22},"end":{"line":19,"column":1}},"line":6}},"branchMap":{},"s":{"0":3,"1":3},"f":{"0":3},"b":{},"_coverageSchema":"1a1c01bbd47fc00a2c39e90264f33305004495a9","hash":"c9501947ec920899ae5d44323abadd8e3650c3f4"}
,"C:\\React Projects\\age-of-units\\src\\components\\Filters\\AgeFilter\\index.js": {"path":"C:\\React Projects\\age-of-units\\src\\components\\Filters\\AgeFilter\\index.js","statementMap":{"0":{"start":{"line":8,"column":18},"end":{"line":65,"column":1}},"1":{"start":{"line":9,"column":19},"end":{"line":9,"column":32}},"2":{"start":{"line":10,"column":21},"end":{"line":10,"column":61}},"3":{"start":{"line":10,"column":44},"end":{"line":10,"column":60}},"4":{"start":{"line":11,"column":22},"end":{"line":11,"column":36}},"5":{"start":{"line":13,"column":27},"end":{"line":18,"column":3}},"6":{"start":{"line":15,"column":6},"end":{"line":15,"column":72}},"7":{"start":{"line":20,"column":2},"end":{"line":64,"column":4}}},"fnMap":{"0":{"name":"(anonymous_0)","decl":{"start":{"line":8,"column":18},"end":{"line":8,"column":19}},"loc":{"start":{"line":8,"column":24},"end":{"line":65,"column":1}},"line":8},"1":{"name":"(anonymous_1)","decl":{"start":{"line":10,"column":33},"end":{"line":10,"column":34}},"loc":{"start":{"line":10,"column":44},"end":{"line":10,"column":60}},"line":10},"2":{"name":"(anonymous_2)","decl":{"start":{"line":14,"column":4},"end":{"line":14,"column":5}},"loc":{"start":{"line":14,"column":15},"end":{"line":16,"column":5}},"line":14}},"branchMap":{},"s":{"0":4,"1":9,"2":9,"3":19,"4":9,"5":9,"6":1,"7":9},"f":{"0":9,"1":19,"2":1},"b":{},"_coverageSchema":"1a1c01bbd47fc00a2c39e90264f33305004495a9","hash":"9ee69e2a6cc6e8110f830bf710b9865a0e68c5ef"}
,"C:\\React Projects\\age-of-units\\src\\components\\Filters\\CostFilter\\index.js": {"path":"C:\\React Projects\\age-of-units\\src\\components\\Filters\\CostFilter\\index.js","statementMap":{"0":{"start":{"line":8,"column":19},"end":{"line":107,"column":1}},"1":{"start":{"line":9,"column":19},"end":{"line":9,"column":32}},"2":{"start":{"line":10,"column":21},"end":{"line":10,"column":61}},"3":{"start":{"line":10,"column":44},"end":{"line":10,"column":60}},"4":{"start":{"line":11,"column":24},"end":{"line":11,"column":39}},"5":{"start":{"line":13,"column":33},"end":{"line":24,"column":3}},"6":{"start":{"line":15,"column":6},"end":{"line":21,"column":8}},"7":{"start":{"line":26,"column":30},"end":{"line":35,"column":3}},"8":{"start":{"line":28,"column":6},"end":{"line":32,"column":8}},"9":{"start":{"line":37,"column":22},"end":{"line":41,"column":3}},"10":{"start":{"line":43,"column":2},"end":{"line":106,"column":4}}},"fnMap":{"0":{"name":"(anonymous_0)","decl":{"start":{"line":8,"column":19},"end":{"line":8,"column":20}},"loc":{"start":{"line":8,"column":25},"end":{"line":107,"column":1}},"line":8},"1":{"name":"(anonymous_1)","decl":{"start":{"line":10,"column":33},"end":{"line":10,"column":34}},"loc":{"start":{"line":10,"column":44},"end":{"line":10,"column":60}},"line":10},"2":{"name":"(anonymous_2)","decl":{"start":{"line":14,"column":4},"end":{"line":14,"column":5}},"loc":{"start":{"line":14,"column":15},"end":{"line":22,"column":5}},"line":14},"3":{"name":"(anonymous_3)","decl":{"start":{"line":27,"column":4},"end":{"line":27,"column":5}},"loc":{"start":{"line":27,"column":15},"end":{"line":33,"column":5}},"line":27}},"branchMap":{"0":{"loc":{"start":{"line":53,"column":29},"end":{"line":53,"column":76}},"type":"cond-expr","locations":[{"start":{"line":53,"column":57},"end":{"line":53,"column":71}},{"start":{"line":53,"column":74},"end":{"line":53,"column":76}}],"line":53},"1":{"loc":{"start":{"line":73,"column":29},"end":{"line":73,"column":76}},"type":"cond-expr","locations":[{"start":{"line":73,"column":57},"end":{"line":73,"column":71}},{"start":{"line":73,"column":74},"end":{"line":73,"column":76}}],"line":73},"2":{"loc":{"start":{"line":93,"column":29},"end":{"line":93,"column":76}},"type":"cond-expr","locations":[{"start":{"line":93,"column":57},"end":{"line":93,"column":71}},{"start":{"line":93,"column":74},"end":{"line":93,"column":76}}],"line":93}},"s":{"0":4,"1":35,"2":35,"3":78,"4":35,"5":35,"6":40,"7":35,"8":3,"9":35,"10":35},"f":{"0":35,"1":78,"2":40,"3":3},"b":{"0":[25,10],"1":[18,17],"2":[11,24]},"_coverageSchema":"1a1c01bbd47fc00a2c39e90264f33305004495a9","hash":"b4dfe0a395d0b2bc74769ebdfdcb867f770772c5"}
,"C:\\React Projects\\age-of-units\\src\\components\\ImageContainer\\index.js": {"path":"C:\\React Projects\\age-of-units\\src\\components\\ImageContainer\\index.js","statementMap":{"0":{"start":{"line":6,"column":23},"end":{"line":12,"column":1}},"1":{"start":{"line":7,"column":2},"end":{"line":11,"column":4}}},"fnMap":{"0":{"name":"(anonymous_0)","decl":{"start":{"line":6,"column":23},"end":{"line":6,"column":24}},"loc":{"start":{"line":6,"column":29},"end":{"line":12,"column":1}},"line":6}},"branchMap":{},"s":{"0":2,"1":2},"f":{"0":2},"b":{},"_coverageSchema":"1a1c01bbd47fc00a2c39e90264f33305004495a9","hash":"142ee8504363f152ad06e71e52263daea16f20ca"}
,"C:\\React Projects\\age-of-units\\src\\components\\MainHeader\\index.js": {"path":"C:\\React Projects\\age-of-units\\src\\components\\MainHeader\\index.js","statementMap":{"0":{"start":{"line":5,"column":19},"end":{"line":31,"column":1}},"1":{"start":{"line":6,"column":2},"end":{"line":30,"column":4}},"2":{"start":{"line":14,"column":39},"end":{"line":14,"column":77}},"3":{"start":{"line":22,"column":39},"end":{"line":22,"column":77}}},"fnMap":{"0":{"name":"(anonymous_0)","decl":{"start":{"line":5,"column":19},"end":{"line":5,"column":20}},"loc":{"start":{"line":5,"column":25},"end":{"line":31,"column":1}},"line":5},"1":{"name":"(anonymous_1)","decl":{"start":{"line":14,"column":25},"end":{"line":14,"column":26}},"loc":{"start":{"line":14,"column":39},"end":{"line":14,"column":77}},"line":14},"2":{"name":"(anonymous_2)","decl":{"start":{"line":22,"column":25},"end":{"line":22,"column":26}},"loc":{"start":{"line":22,"column":39},"end":{"line":22,"column":77}},"line":22}},"branchMap":{"0":{"loc":{"start":{"line":14,"column":39},"end":{"line":14,"column":77}},"type":"cond-expr","locations":[{"start":{"line":14,"column":58},"end":{"line":14,"column":72}},{"start":{"line":14,"column":75},"end":{"line":14,"column":77}}],"line":14},"1":{"loc":{"start":{"line":22,"column":39},"end":{"line":22,"column":77}},"type":"cond-expr","locations":[{"start":{"line":22,"column":58},"end":{"line":22,"column":72}},{"start":{"line":22,"column":75},"end":{"line":22,"column":77}}],"line":22}},"s":{"0":2,"1":4,"2":9,"3":9},"f":{"0":4,"1":9,"2":9},"b":{"0":[2,7],"1":[6,3]},"_coverageSchema":"1a1c01bbd47fc00a2c39e90264f33305004495a9","hash":"322719e4af7340bf9acdb8a4fd96ba61858b2845"}
,"C:\\React Projects\\age-of-units\\src\\components\\NotFound\\index.js": {"path":"C:\\React Projects\\age-of-units\\src\\components\\NotFound\\index.js","statementMap":{"0":{"start":{"line":4,"column":17},"end":{"line":12,"column":1}},"1":{"start":{"line":5,"column":2},"end":{"line":11,"column":4}}},"fnMap":{"0":{"name":"(anonymous_0)","decl":{"start":{"line":4,"column":17},"end":{"line":4,"column":18}},"loc":{"start":{"line":4,"column":23},"end":{"line":12,"column":1}},"line":4}},"branchMap":{},"s":{"0":2,"1":2},"f":{"0":2},"b":{},"_coverageSchema":"1a1c01bbd47fc00a2c39e90264f33305004495a9","hash":"4be098cb788b6760c7c1b8aa74992bea0dc2ecd7"}
,"C:\\React Projects\\age-of-units\\src\\components\\UI\\Card\\index.js": {"path":"C:\\React Projects\\age-of-units\\src\\components\\UI\\Card\\index.js","statementMap":{"0":{"start":{"line":5,"column":13},"end":{"line":9,"column":1}},"1":{"start":{"line":6,"column":2},"end":{"line":8,"column":4}},"2":{"start":{"line":11,"column":0},"end":{"line":14,"column":2}}},"fnMap":{"0":{"name":"(anonymous_0)","decl":{"start":{"line":5,"column":13},"end":{"line":5,"column":14}},"loc":{"start":{"line":5,"column":24},"end":{"line":9,"column":1}},"line":5}},"branchMap":{},"s":{"0":2,"1":2,"2":2},"f":{"0":2},"b":{},"_coverageSchema":"1a1c01bbd47fc00a2c39e90264f33305004495a9","hash":"8e741c54db6a99d63c10dc619701d0e68555c47e"}
,"C:\\React Projects\\age-of-units\\src\\components\\UI\\MultiRangeSlider\\index.js": {"path":"C:\\React Projects\\age-of-units\\src\\components\\UI\\MultiRangeSlider\\index.js","statementMap":{"0":{"start":{"line":6,"column":25},"end":{"line":99,"column":1}},"1":{"start":{"line":14,"column":21},"end":{"line":14,"column":61}},"2":{"start":{"line":14,"column":44},"end":{"line":14,"column":60}},"3":{"start":{"line":15,"column":24},"end":{"line":15,"column":39}},"4":{"start":{"line":17,"column":30},"end":{"line":17,"column":63}},"5":{"start":{"line":18,"column":30},"end":{"line":18,"column":63}},"6":{"start":{"line":19,"column":20},"end":{"line":19,"column":51}},"7":{"start":{"line":20,"column":20},"end":{"line":20,"column":51}},"8":{"start":{"line":21,"column":16},"end":{"line":21,"column":28}},"9":{"start":{"line":24,"column":21},"end":{"line":27,"column":3}},"10":{"start":{"line":25,"column":15},"end":{"line":25,"column":62}},"11":{"start":{"line":30,"column":2},"end":{"line":38,"column":35}},"12":{"start":{"line":31,"column":23},"end":{"line":31,"column":41}},"13":{"start":{"line":32,"column":23},"end":{"line":32,"column":41}},"14":{"start":{"line":33,"column":4},"end":{"line":37,"column":5}},"15":{"start":{"line":34,"column":6},"end":{"line":34,"column":50}},"16":{"start":{"line":35,"column":6},"end":{"line":35,"column":51}},"17":{"start":{"line":36,"column":6},"end":{"line":36,"column":64}},"18":{"start":{"line":41,"column":2},"end":{"line":43,"column":39}},"19":{"start":{"line":42,"column":4},"end":{"line":42,"column":49}},"20":{"start":{"line":46,"column":2},"end":{"line":51,"column":17}},"21":{"start":{"line":47,"column":4},"end":{"line":50,"column":5}},"22":{"start":{"line":48,"column":6},"end":{"line":48,"column":21}},"23":{"start":{"line":49,"column":6},"end":{"line":49,"column":21}},"24":{"start":{"line":53,"column":2},"end":{"line":98,"column":4}},"25":{"start":{"line":62,"column":24},"end":{"line":62,"column":72}},"26":{"start":{"line":63,"column":10},"end":{"line":63,"column":27}},"27":{"start":{"line":64,"column":10},"end":{"line":64,"column":36}},"28":{"start":{"line":79,"column":24},"end":{"line":79,"column":72}},"29":{"start":{"line":80,"column":10},"end":{"line":80,"column":27}},"30":{"start":{"line":81,"column":10},"end":{"line":81,"column":36}},"31":{"start":{"line":101,"column":0},"end":{"line":108,"column":2}}},"fnMap":{"0":{"name":"(anonymous_0)","decl":{"start":{"line":6,"column":25},"end":{"line":6,"column":26}},"loc":{"start":{"line":13,"column":6},"end":{"line":99,"column":1}},"line":13},"1":{"name":"(anonymous_1)","decl":{"start":{"line":14,"column":33},"end":{"line":14,"column":34}},"loc":{"start":{"line":14,"column":44},"end":{"line":14,"column":60}},"line":14},"2":{"name":"(anonymous_2)","decl":{"start":{"line":25,"column":4},"end":{"line":25,"column":5}},"loc":{"start":{"line":25,"column":15},"end":{"line":25,"column":62}},"line":25},"3":{"name":"(anonymous_3)","decl":{"start":{"line":30,"column":12},"end":{"line":30,"column":13}},"loc":{"start":{"line":30,"column":18},"end":{"line":38,"column":3}},"line":30},"4":{"name":"(anonymous_4)","decl":{"start":{"line":41,"column":12},"end":{"line":41,"column":13}},"loc":{"start":{"line":41,"column":18},"end":{"line":43,"column":3}},"line":41},"5":{"name":"(anonymous_5)","decl":{"start":{"line":46,"column":12},"end":{"line":46,"column":13}},"loc":{"start":{"line":46,"column":18},"end":{"line":51,"column":3}},"line":46},"6":{"name":"(anonymous_6)","decl":{"start":{"line":61,"column":18},"end":{"line":61,"column":19}},"loc":{"start":{"line":61,"column":29},"end":{"line":65,"column":9}},"line":61},"7":{"name":"(anonymous_7)","decl":{"start":{"line":78,"column":18},"end":{"line":78,"column":19}},"loc":{"start":{"line":78,"column":29},"end":{"line":82,"column":9}},"line":78}},"branchMap":{"0":{"loc":{"start":{"line":33,"column":4},"end":{"line":37,"column":5}},"type":"if","locations":[{"start":{"line":33,"column":4},"end":{"line":37,"column":5}},{"start":{},"end":{}}],"line":33},"1":{"loc":{"start":{"line":47,"column":4},"end":{"line":50,"column":5}},"type":"if","locations":[{"start":{"line":47,"column":4},"end":{"line":50,"column":5}},{"start":{},"end":{}}],"line":47},"2":{"loc":{"start":{"line":66,"column":40},"end":{"line":66,"column":71}},"type":"cond-expr","locations":[{"start":{"line":66,"column":51},"end":{"line":66,"column":66}},{"start":{"line":66,"column":69},"end":{"line":66,"column":71}}],"line":66},"3":{"loc":{"start":{"line":69,"column":25},"end":{"line":69,"column":50}},"type":"binary-expr","locations":[{"start":{"line":69,"column":25},"end":{"line":69,"column":43}},{"start":{"line":69,"column":47},"end":{"line":69,"column":50}}],"line":69},"4":{"loc":{"start":{"line":85,"column":40},"end":{"line":85,"column":71}},"type":"cond-expr","locations":[{"start":{"line":85,"column":51},"end":{"line":85,"column":66}},{"start":{"line":85,"column":69},"end":{"line":85,"column":71}}],"line":85},"5":{"loc":{"start":{"line":92,"column":37},"end":{"line":92,"column":64}},"type":"cond-expr","locations":[{"start":{"line":92,"column":48},"end":{"line":92,"column":59}},{"start":{"line":92,"column":62},"end":{"line":92,"column":64}}],"line":92}},"s":{"0":4,"1":121,"2":250,"3":121,"4":121,"5":121,"6":121,"7":121,"8":121,"9":121,"10":80,"11":121,"12":40,"13":40,"14":40,"15":40,"16":40,"17":40,"18":121,"19":40,"20":121,"21":27,"22":18,"23":18,"24":121,"25":8,"26":8,"27":8,"28":8,"29":8,"30":8,"31":4},"f":{"0":121,"1":250,"2":80,"3":40,"4":40,"5":27,"6":8,"7":8},"b":{"0":[40,0],"1":[18,9],"2":[51,70],"3":[121,8],"4":[51,70],"5":[51,70]},"_coverageSchema":"1a1c01bbd47fc00a2c39e90264f33305004495a9","hash":"32d21d3dca50ee9f9b9c48b8a84db721c5306bd6"}
,"C:\\React Projects\\age-of-units\\src\\components\\UnitProperties\\index.js": {"path":"C:\\React Projects\\age-of-units\\src\\components\\UnitProperties\\index.js","statementMap":{"0":{"start":{"line":7,"column":23},"end":{"line":82,"column":1}},"1":{"start":{"line":8,"column":17},"end":{"line":8,"column":28}},"2":{"start":{"line":9,"column":21},"end":{"line":9,"column":61}},"3":{"start":{"line":9,"column":44},"end":{"line":9,"column":60}},"4":{"start":{"line":11,"column":24},"end":{"line":11,"column":45}},"5":{"start":{"line":12,"column":18},"end":{"line":12,"column":32}},"6":{"start":{"line":14,"column":17},"end":{"line":14,"column":19}},"7":{"start":{"line":15,"column":13},"end":{"line":15,"column":15}},"8":{"start":{"line":17,"column":25},"end":{"line":17,"column":74}},"9":{"start":{"line":17,"column":54},"end":{"line":17,"column":73}},"10":{"start":{"line":19,"column":2},"end":{"line":26,"column":3}},"11":{"start":{"line":20,"column":4},"end":{"line":20,"column":28}},"12":{"start":{"line":22,"column":4},"end":{"line":22,"column":30}},"13":{"start":{"line":23,"column":4},"end":{"line":25,"column":5}},"14":{"start":{"line":24,"column":6},"end":{"line":24,"column":27}},"15":{"start":{"line":28,"column":2},"end":{"line":81,"column":4}}},"fnMap":{"0":{"name":"(anonymous_0)","decl":{"start":{"line":7,"column":23},"end":{"line":7,"column":24}},"loc":{"start":{"line":7,"column":29},"end":{"line":82,"column":1}},"line":7},"1":{"name":"(anonymous_1)","decl":{"start":{"line":9,"column":33},"end":{"line":9,"column":34}},"loc":{"start":{"line":9,"column":44},"end":{"line":9,"column":60}},"line":9},"2":{"name":"(anonymous_2)","decl":{"start":{"line":17,"column":44},"end":{"line":17,"column":45}},"loc":{"start":{"line":17,"column":54},"end":{"line":17,"column":73}},"line":17}},"branchMap":{"0":{"loc":{"start":{"line":19,"column":2},"end":{"line":26,"column":3}},"type":"if","locations":[{"start":{"line":19,"column":2},"end":{"line":26,"column":3}},{"start":{"line":21,"column":9},"end":{"line":26,"column":3}}],"line":19},"1":{"loc":{"start":{"line":23,"column":4},"end":{"line":25,"column":5}},"type":"if","locations":[{"start":{"line":23,"column":4},"end":{"line":25,"column":5}},{"start":{},"end":{}}],"line":23},"2":{"loc":{"start":{"line":49,"column":15},"end":{"line":49,"column":31}},"type":"binary-expr","locations":[{"start":{"line":49,"column":15},"end":{"line":49,"column":24}},{"start":{"line":49,"column":28},"end":{"line":49,"column":31}}],"line":49},"3":{"loc":{"start":{"line":53,"column":15},"end":{"line":53,"column":31}},"type":"binary-expr","locations":[{"start":{"line":53,"column":15},"end":{"line":53,"column":24}},{"start":{"line":53,"column":28},"end":{"line":53,"column":31}}],"line":53},"4":{"loc":{"start":{"line":57,"column":15},"end":{"line":57,"column":31}},"type":"binary-expr","locations":[{"start":{"line":57,"column":15},"end":{"line":57,"column":24}},{"start":{"line":57,"column":28},"end":{"line":57,"column":31}}],"line":57},"5":{"loc":{"start":{"line":61,"column":15},"end":{"line":61,"column":41}},"type":"binary-expr","locations":[{"start":{"line":61,"column":15},"end":{"line":61,"column":34}},{"start":{"line":61,"column":38},"end":{"line":61,"column":41}}],"line":61},"6":{"loc":{"start":{"line":65,"column":15},"end":{"line":65,"column":42}},"type":"binary-expr","locations":[{"start":{"line":65,"column":15},"end":{"line":65,"column":35}},{"start":{"line":65,"column":39},"end":{"line":65,"column":42}}],"line":65},"7":{"loc":{"start":{"line":69,"column":15},"end":{"line":69,"column":41}},"type":"binary-expr","locations":[{"start":{"line":69,"column":15},"end":{"line":69,"column":34}},{"start":{"line":69,"column":38},"end":{"line":69,"column":41}}],"line":69},"8":{"loc":{"start":{"line":73,"column":15},"end":{"line":73,"column":37}},"type":"binary-expr","locations":[{"start":{"line":73,"column":15},"end":{"line":73,"column":30}},{"start":{"line":73,"column":34},"end":{"line":73,"column":37}}],"line":73},"9":{"loc":{"start":{"line":77,"column":15},"end":{"line":77,"column":39}},"type":"binary-expr","locations":[{"start":{"line":77,"column":15},"end":{"line":77,"column":32}},{"start":{"line":77,"column":36},"end":{"line":77,"column":39}}],"line":77}},"s":{"0":2,"1":4,"2":4,"3":4,"4":4,"5":4,"6":4,"7":4,"8":4,"9":294,"10":4,"11":1,"12":3,"13":3,"14":2,"15":3},"f":{"0":4,"1":4,"2":294},"b":{"0":[1,3],"1":[2,1],"2":[3,1],"3":[3,3],"4":[3,1],"5":[3,1],"6":[3,1],"7":[3,0],"8":[3,1],"9":[3,1]},"_coverageSchema":"1a1c01bbd47fc00a2c39e90264f33305004495a9","hash":"edd266c4ba6fe8d563b7eb60822a37bcb0456448"}
,"C:\\React Projects\\age-of-units\\src\\components\\UnitsList\\index.js": {"path":"C:\\React Projects\\age-of-units\\src\\components\\UnitsList\\index.js","statementMap":{"0":{"start":{"line":7,"column":18},"end":{"line":100,"column":1}},"1":{"start":{"line":8,"column":21},"end":{"line":8,"column":61}},"2":{"start":{"line":8,"column":44},"end":{"line":8,"column":60}},"3":{"start":{"line":10,"column":23},"end":{"line":63,"column":18}},"4":{"start":{"line":11,"column":25},"end":{"line":11,"column":39}},"5":{"start":{"line":12,"column":26},"end":{"line":12,"column":41}},"6":{"start":{"line":13,"column":26},"end":{"line":13,"column":47}},"7":{"start":{"line":15,"column":31},"end":{"line":15,"column":56}},"8":{"start":{"line":16,"column":31},"end":{"line":16,"column":56}},"9":{"start":{"line":17,"column":31},"end":{"line":17,"column":56}},"10":{"start":{"line":19,"column":4},"end":{"line":62,"column":7}},"11":{"start":{"line":21,"column":17},"end":{"line":21,"column":19}},"12":{"start":{"line":22,"column":6},"end":{"line":24,"column":7}},"13":{"start":{"line":23,"column":8},"end":{"line":23,"column":26}},"14":{"start":{"line":26,"column":25},"end":{"line":30,"column":7}},"15":{"start":{"line":32,"column":6},"end":{"line":38,"column":7}},"16":{"start":{"line":34,"column":8},"end":{"line":37,"column":49}},"17":{"start":{"line":39,"column":6},"end":{"line":44,"column":7}},"18":{"start":{"line":40,"column":8},"end":{"line":43,"column":49}},"19":{"start":{"line":45,"column":6},"end":{"line":50,"column":7}},"20":{"start":{"line":46,"column":8},"end":{"line":49,"column":49}},"21":{"start":{"line":52,"column":6},"end":{"line":54,"column":7}},"22":{"start":{"line":53,"column":8},"end":{"line":53,"column":69}},"23":{"start":{"line":56,"column":6},"end":{"line":61,"column":8}},"24":{"start":{"line":65,"column":2},"end":{"line":99,"column":4}},"25":{"start":{"line":82,"column":10},"end":{"line":95,"column":15}},"26":{"start":{"line":92,"column":20},"end":{"line":92,"column":66}}},"fnMap":{"0":{"name":"(anonymous_0)","decl":{"start":{"line":7,"column":18},"end":{"line":7,"column":19}},"loc":{"start":{"line":7,"column":24},"end":{"line":100,"column":1}},"line":7},"1":{"name":"(anonymous_1)","decl":{"start":{"line":8,"column":33},"end":{"line":8,"column":34}},"loc":{"start":{"line":8,"column":44},"end":{"line":8,"column":60}},"line":8},"2":{"name":"(anonymous_2)","decl":{"start":{"line":10,"column":31},"end":{"line":10,"column":32}},"loc":{"start":{"line":10,"column":37},"end":{"line":63,"column":3}},"line":10},"3":{"name":"(anonymous_3)","decl":{"start":{"line":19,"column":32},"end":{"line":19,"column":33}},"loc":{"start":{"line":19,"column":43},"end":{"line":62,"column":5}},"line":19},"4":{"name":"(anonymous_4)","decl":{"start":{"line":81,"column":26},"end":{"line":81,"column":27}},"loc":{"start":{"line":82,"column":10},"end":{"line":95,"column":15}},"line":82},"5":{"name":"(anonymous_5)","decl":{"start":{"line":91,"column":45},"end":{"line":91,"column":46}},"loc":{"start":{"line":92,"column":20},"end":{"line":92,"column":66}},"line":92}},"branchMap":{"0":{"loc":{"start":{"line":22,"column":6},"end":{"line":24,"column":7}},"type":"if","locations":[{"start":{"line":22,"column":6},"end":{"line":24,"column":7}},{"start":{},"end":{}}],"line":22},"1":{"loc":{"start":{"line":32,"column":6},"end":{"line":38,"column":7}},"type":"if","locations":[{"start":{"line":32,"column":6},"end":{"line":38,"column":7}},{"start":{},"end":{}}],"line":32},"2":{"loc":{"start":{"line":35,"column":10},"end":{"line":37,"column":48}},"type":"binary-expr","locations":[{"start":{"line":35,"column":11},"end":{"line":35,"column":21}},{"start":{"line":35,"column":25},"end":{"line":35,"column":53}},{"start":{"line":36,"column":11},"end":{"line":36,"column":46}},{"start":{"line":37,"column":12},"end":{"line":37,"column":47}}],"line":35},"3":{"loc":{"start":{"line":39,"column":6},"end":{"line":44,"column":7}},"type":"if","locations":[{"start":{"line":39,"column":6},"end":{"line":44,"column":7}},{"start":{},"end":{}}],"line":39},"4":{"loc":{"start":{"line":41,"column":10},"end":{"line":43,"column":48}},"type":"binary-expr","locations":[{"start":{"line":41,"column":11},"end":{"line":41,"column":21}},{"start":{"line":41,"column":25},"end":{"line":41,"column":53}},{"start":{"line":42,"column":11},"end":{"line":42,"column":46}},{"start":{"line":43,"column":12},"end":{"line":43,"column":47}}],"line":41},"5":{"loc":{"start":{"line":45,"column":6},"end":{"line":50,"column":7}},"type":"if","locations":[{"start":{"line":45,"column":6},"end":{"line":50,"column":7}},{"start":{},"end":{}}],"line":45},"6":{"loc":{"start":{"line":47,"column":10},"end":{"line":49,"column":48}},"type":"binary-expr","locations":[{"start":{"line":47,"column":11},"end":{"line":47,"column":21}},{"start":{"line":47,"column":25},"end":{"line":47,"column":53}},{"start":{"line":48,"column":11},"end":{"line":48,"column":46}},{"start":{"line":49,"column":12},"end":{"line":49,"column":47}}],"line":47},"7":{"loc":{"start":{"line":52,"column":6},"end":{"line":54,"column":7}},"type":"if","locations":[{"start":{"line":52,"column":6},"end":{"line":54,"column":7}},{"start":{},"end":{}}],"line":52},"8":{"loc":{"start":{"line":53,"column":15},"end":{"line":53,"column":68}},"type":"binary-expr","locations":[{"start":{"line":53,"column":15},"end":{"line":53,"column":30}},{"start":{"line":53,"column":34},"end":{"line":53,"column":49}},{"start":{"line":53,"column":53},"end":{"line":53,"column":68}}],"line":53},"9":{"loc":{"start":{"line":57,"column":8},"end":{"line":60,"column":23}},"type":"binary-expr","locations":[{"start":{"line":57,"column":8},"end":{"line":57,"column":34}},{"start":{"line":58,"column":8},"end":{"line":58,"column":23}},{"start":{"line":59,"column":8},"end":{"line":59,"column":23}},{"start":{"line":60,"column":8},"end":{"line":60,"column":23}}],"line":57},"10":{"loc":{"start":{"line":74,"column":9},"end":{"line":80,"column":9}},"type":"binary-expr","locations":[{"start":{"line":74,"column":9},"end":{"line":74,"column":34}},{"start":{"line":75,"column":10},"end":{"line":79,"column":15}}],"line":74},"11":{"loc":{"start":{"line":89,"column":15},"end":{"line":93,"column":20}},"type":"cond-expr","locations":[{"start":{"line":90,"column":18},"end":{"line":90,"column":21}},{"start":{"line":91,"column":18},"end":{"line":93,"column":20}}],"line":89}},"s":{"0":5,"1":34,"2":72,"3":34,"4":34,"5":34,"6":34,"7":34,"8":34,"9":34,"10":34,"11":3536,"12":3536,"13":3230,"14":3536,"15":3536,"16":2600,"17":3536,"18":1872,"19":3536,"20":1144,"21":3536,"22":3432,"23":104,"24":34,"25":2653,"26":4622},"f":{"0":34,"1":72,"2":34,"3":3536,"4":2653,"5":4622},"b":{"0":[3230,306],"1":[2600,936],"2":[2600,1350,1466,1242],"3":[1872,1664],"4":[1872,1008,976,820],"5":[1144,2392],"6":[1144,231,955,894],"7":[3432,104],"8":[3432,3028,2814],"9":[104,41,41,41],"10":[34,1],"11":[225,2428]},"_coverageSchema":"1a1c01bbd47fc00a2c39e90264f33305004495a9","hash":"336c0cca8fb4bade823d225a5177c927ebb82220"}
,"C:\\React Projects\\age-of-units\\src\\pages\\HomePage.js": {"path":"C:\\React Projects\\age-of-units\\src\\pages\\HomePage.js","statementMap":{"0":{"start":{"line":3,"column":17},"end":{"line":9,"column":1}},"1":{"start":{"line":4,"column":2},"end":{"line":8,"column":4}}},"fnMap":{"0":{"name":"(anonymous_0)","decl":{"start":{"line":3,"column":17},"end":{"line":3,"column":18}},"loc":{"start":{"line":3,"column":23},"end":{"line":9,"column":1}},"line":3}},"branchMap":{},"s":{"0":2,"1":2},"f":{"0":2},"b":{},"_coverageSchema":"1a1c01bbd47fc00a2c39e90264f33305004495a9","hash":"7cb60fa2a1a8d2e7cb3d2dda4f223ec78031e322"}
,"C:\\React Projects\\age-of-units\\src\\pages\\NotFoundPage.js": {"path":"C:\\React Projects\\age-of-units\\src\\pages\\NotFoundPage.js","statementMap":{"0":{"start":{"line":3,"column":21},"end":{"line":9,"column":1}},"1":{"start":{"line":4,"column":2},"end":{"line":8,"column":4}}},"fnMap":{"0":{"name":"(anonymous_0)","decl":{"start":{"line":3,"column":21},"end":{"line":3,"column":22}},"loc":{"start":{"line":3,"column":27},"end":{"line":9,"column":1}},"line":3}},"branchMap":{},"s":{"0":2,"1":2},"f":{"0":2},"b":{},"_coverageSchema":"1a1c01bbd47fc00a2c39e90264f33305004495a9","hash":"d30fe64d9d475c6334cb9fe1ab5642cd69e406c9"}
,"C:\\React Projects\\age-of-units\\src\\pages\\UnitDetails.js": {"path":"C:\\React Projects\\age-of-units\\src\\pages\\UnitDetails.js","statementMap":{"0":{"start":{"line":4,"column":20},"end":{"line":10,"column":1}},"1":{"start":{"line":5,"column":2},"end":{"line":9,"column":4}}},"fnMap":{"0":{"name":"(anonymous_0)","decl":{"start":{"line":4,"column":20},"end":{"line":4,"column":21}},"loc":{"start":{"line":4,"column":26},"end":{"line":10,"column":1}},"line":4}},"branchMap":{},"s":{"0":2,"1":4},"f":{"0":4},"b":{},"_coverageSchema":"1a1c01bbd47fc00a2c39e90264f33305004495a9","hash":"c7f79f8223bde60a7036ad994e98d48a24597c86"}
,"C:\\React Projects\\age-of-units\\src\\pages\\Units.js": {"path":"C:\\React Projects\\age-of-units\\src\\pages\\Units.js","statementMap":{"0":{"start":{"line":4,"column":14},"end":{"line":11,"column":1}},"1":{"start":{"line":5,"column":2},"end":{"line":10,"column":4}}},"fnMap":{"0":{"name":"(anonymous_0)","decl":{"start":{"line":4,"column":14},"end":{"line":4,"column":15}},"loc":{"start":{"line":4,"column":20},"end":{"line":11,"column":1}},"line":4}},"branchMap":{},"s":{"0":2,"1":2},"f":{"0":2},"b":{},"_coverageSchema":"1a1c01bbd47fc00a2c39e90264f33305004495a9","hash":"8733adb75ff2617fbcbc234347f3191a13ad0e5e"}
,"C:\\React Projects\\age-of-units\\src\\store\\index.js": {"path":"C:\\React Projects\\age-of-units\\src\\store\\index.js","statementMap":{"0":{"start":{"line":5,"column":2},"end":{"line":5,"column":61}},"1":{"start":{"line":7,"column":14},"end":{"line":7,"column":53}}},"fnMap":{},"branchMap":{"0":{"loc":{"start":{"line":5,"column":2},"end":{"line":5,"column":61}},"type":"binary-expr","locations":[{"start":{"line":5,"column":2},"end":{"line":5,"column":50}},{"start":{"line":5,"column":54},"end":{"line":5,"column":61}}],"line":5}},"s":{"0":6,"1":6},"f":{},"b":{"0":[6,6]},"_coverageSchema":"1a1c01bbd47fc00a2c39e90264f33305004495a9","hash":"50f6da0caa54c65cc6bec7308af8e43165f33d89"}
,"C:\\React Projects\\age-of-units\\src\\store\\actionTypes\\dimension.js": {"path":"C:\\React Projects\\age-of-units\\src\\store\\actionTypes\\dimension.js","statementMap":{"0":{"start":{"line":1,"column":36},"end":{"line":1,"column":58}},"1":{"start":{"line":2,"column":37},"end":{"line":2,"column":60}},"2":{"start":{"line":3,"column":39},"end":{"line":3,"column":64}}},"fnMap":{},"branchMap":{},"s":{"0":6,"1":6,"2":6},"f":{},"b":{},"_coverageSchema":"1a1c01bbd47fc00a2c39e90264f33305004495a9","hash":"0f0452e4e3301bd5a6a5d56af51b997b1990834e"}
,"C:\\React Projects\\age-of-units\\src\\store\\actionTypes\\index.js": {"path":"C:\\React Projects\\age-of-units\\src\\store\\actionTypes\\index.js","statementMap":{"0":{"start":{"line":3,"column":20},"end":{"line":5,"column":1}}},"fnMap":{},"branchMap":{},"s":{"0":6},"f":{},"b":{},"_coverageSchema":"1a1c01bbd47fc00a2c39e90264f33305004495a9","hash":"9629e6d93a55ae851e5644c082bdc74f4c5fd1b7"}
,"C:\\React Projects\\age-of-units\\src\\store\\actions\\dimensionActions.js": {"path":"C:\\React Projects\\age-of-units\\src\\store\\actions\\dimensionActions.js","statementMap":{"0":{"start":{"line":3,"column":27},"end":{"line":5,"column":1}},"1":{"start":{"line":4,"column":2},"end":{"line":4,"column":78}},"2":{"start":{"line":6,"column":28},"end":{"line":8,"column":1}},"3":{"start":{"line":7,"column":2},"end":{"line":7,"column":79}},"4":{"start":{"line":9,"column":30},"end":{"line":11,"column":1}},"5":{"start":{"line":10,"column":2},"end":{"line":10,"column":81}},"6":{"start":{"line":13,"column":25},"end":{"line":17,"column":1}}},"fnMap":{"0":{"name":"(anonymous_0)","decl":{"start":{"line":3,"column":27},"end":{"line":3,"column":28}},"loc":{"start":{"line":3,"column":38},"end":{"line":5,"column":1}},"line":3},"1":{"name":"(anonymous_1)","decl":{"start":{"line":6,"column":28},"end":{"line":6,"column":29}},"loc":{"start":{"line":6,"column":39},"end":{"line":8,"column":1}},"line":6},"2":{"name":"(anonymous_2)","decl":{"start":{"line":9,"column":30},"end":{"line":9,"column":31}},"loc":{"start":{"line":9,"column":41},"end":{"line":11,"column":1}},"line":9}},"branchMap":{},"s":{"0":5,"1":1,"2":5,"3":40,"4":5,"5":3,"6":5},"f":{"0":1,"1":40,"2":3},"b":{},"_coverageSchema":"1a1c01bbd47fc00a2c39e90264f33305004495a9","hash":"4a9aedea42117a14f0b62b96c6a9629e8ea31b32"}
,"C:\\React Projects\\age-of-units\\src\\store\\reducers\\dimensionReducer.js": {"path":"C:\\React Projects\\age-of-units\\src\\store\\reducers\\dimensionReducer.js","statementMap":{"0":{"start":{"line":4,"column":13},"end":{"line":4,"column":18}},"1":{"start":{"line":6,"column":21},"end":{"line":26,"column":1}},"2":{"start":{"line":28,"column":25},"end":{"line":71,"column":1}},"3":{"start":{"line":29,"column":2},"end":{"line":70,"column":3}},"4":{"start":{"line":31,"column":23},"end":{"line":35,"column":7}},"5":{"start":{"line":36,"column":6},"end":{"line":36,"column":22}},"6":{"start":{"line":39,"column":23},"end":{"line":50,"column":7}},"7":{"start":{"line":51,"column":6},"end":{"line":51,"column":22}},"8":{"start":{"line":54,"column":23},"end":{"line":64,"column":7}},"9":{"start":{"line":65,"column":6},"end":{"line":65,"column":22}},"10":{"start":{"line":68,"column":6},"end":{"line":68,"column":19}}},"fnMap":{"0":{"name":"(anonymous_0)","decl":{"start":{"line":28,"column":25},"end":{"line":28,"column":26}},"loc":{"start":{"line":28,"column":59},"end":{"line":71,"column":1}},"line":28}},"branchMap":{"0":{"loc":{"start":{"line":28,"column":26},"end":{"line":28,"column":46}},"type":"default-arg","locations":[{"start":{"line":28,"column":34},"end":{"line":28,"column":46}}],"line":28},"1":{"loc":{"start":{"line":29,"column":2},"end":{"line":70,"column":3}},"type":"switch","locations":[{"start":{"line":30,"column":4},"end":{"line":37,"column":5}},{"start":{"line":38,"column":4},"end":{"line":52,"column":5}},{"start":{"line":53,"column":4},"end":{"line":66,"column":5}},{"start":{"line":67,"column":4},"end":{"line":69,"column":5}}],"line":29}},"s":{"0":6,"1":6,"2":6,"3":62,"4":1,"5":1,"6":40,"7":40,"8":3,"9":3,"10":18},"f":{"0":62},"b":{"0":[18],"1":[1,40,3,18]},"_coverageSchema":"1a1c01bbd47fc00a2c39e90264f33305004495a9","hash":"3b12000ebcdea263942dd05cbee57bc3696cdddb"}
,"C:\\React Projects\\age-of-units\\src\\store\\reducers\\index.js": {"path":"C:\\React Projects\\age-of-units\\src\\store\\reducers\\index.js","statementMap":{"0":{"start":{"line":4,"column":17},"end":{"line":6,"column":2}}},"fnMap":{},"branchMap":{},"s":{"0":6},"f":{},"b":{},"_coverageSchema":"1a1c01bbd47fc00a2c39e90264f33305004495a9","hash":"59524115801284f1d50781a51168d22a0e1c19d9"}
}
