TN:
SF:src\App.js
FN:9,App
FNF:1
FNH:1
FNDA:4,App
DA:10,4
LF:1
LH:1
BRF:0
BRH:0
end_of_record
TN:
SF:src\index.js
FNF:0
FNH:0
DA:9,0
DA:11,0
DA:13,0
LF:3
LH:0
BRF:0
BRH:0
end_of_record
TN:
SF:src\components\Filters\index.js
FN:6,(anonymous_0)
FNF:1
FNH:1
FNDA:3,(anonymous_0)
DA:6,3
DA:7,3
LF:2
LH:2
BRF:0
BRH:0
end_of_record
TN:
SF:src\components\Filters\AgeFilter\index.js
FN:8,(anonymous_0)
FN:10,(anonymous_1)
FN:14,(anonymous_2)
FNF:3
FNH:3
FNDA:9,(anonymous_0)
FNDA:19,(anonymous_1)
FNDA:1,(anonymous_2)
DA:8,4
DA:9,9
DA:10,19
DA:11,9
DA:13,9
DA:15,1
DA:20,9
LF:7
LH:7
BRF:0
BRH:0
end_of_record
TN:
SF:src\components\Filters\CostFilter\index.js
FN:8,(anonymous_0)
FN:10,(anonymous_1)
FN:14,(anonymous_2)
FN:27,(anonymous_3)
FNF:4
FNH:4
FNDA:27,(anonymous_0)
FNDA:62,(anonymous_1)
FNDA:32,(anonymous_2)
FNDA:3,(anonymous_3)
DA:8,4
DA:9,27
DA:10,62
DA:11,27
DA:13,27
DA:15,32
DA:26,27
DA:28,3
DA:37,27
DA:43,27
LF:10
LH:10
BRDA:53,0,0,17
BRDA:53,0,1,10
BRDA:73,1,0,12
BRDA:73,1,1,15
BRDA:93,2,0,7
BRDA:93,2,1,20
BRF:6
BRH:6
end_of_record
TN:
SF:src\components\ImageContainer\index.js
FN:6,(anonymous_0)
FNF:1
FNH:1
FNDA:2,(anonymous_0)
DA:6,2
DA:7,2
LF:2
LH:2
BRF:0
BRH:0
end_of_record
TN:
SF:src\components\MainHeader\index.js
FN:4,(anonymous_0)
FN:12,(anonymous_1)
FN:20,(anonymous_2)
FNF:3
FNH:3
FNDA:4,(anonymous_0)
FNDA:9,(anonymous_1)
FNDA:9,(anonymous_2)
DA:4,2
DA:5,4
DA:12,9
DA:20,9
LF:4
LH:4
BRDA:12,0,0,2
BRDA:12,0,1,7
BRDA:20,1,0,6
BRDA:20,1,1,3
BRF:4
BRH:4
end_of_record
TN:
SF:src\components\NotFound\index.js
FN:4,(anonymous_0)
FNF:1
FNH:1
FNDA:2,(anonymous_0)
DA:4,2
DA:5,2
LF:2
LH:2
BRF:0
BRH:0
end_of_record
TN:
SF:src\components\UI\Card\index.js
FN:5,(anonymous_0)
FNF:1
FNH:1
FNDA:2,(anonymous_0)
DA:5,2
DA:6,2
DA:11,2
LF:3
LH:3
BRF:0
BRH:0
end_of_record
TN:
SF:src\components\UI\MultiRangeSlider\index.js
FN:5,(anonymous_0)
FN:21,(anonymous_1)
FN:26,(anonymous_2)
FN:37,(anonymous_3)
FN:42,(anonymous_4)
FN:57,(anonymous_5)
FN:74,(anonymous_6)
FNF:7
FNH:7
FNDA:89,(anonymous_0)
FNDA:64,(anonymous_1)
FNDA:32,(anonymous_2)
FNDA:32,(anonymous_3)
FNDA:27,(anonymous_4)
FNDA:4,(anonymous_5)
FNDA:4,(anonymous_6)
DA:5,4
DA:13,89
DA:14,89
DA:15,89
DA:16,89
DA:17,89
DA:20,89
DA:21,64
DA:26,89
DA:27,32
DA:28,32
DA:29,32
DA:30,32
DA:31,32
DA:32,32
DA:37,89
DA:38,32
DA:42,89
DA:43,27
DA:44,18
DA:45,18
DA:49,89
DA:58,4
DA:59,4
DA:60,4
DA:75,4
DA:76,4
DA:77,4
DA:97,4
LF:29
LH:29
BRDA:29,0,0,32
BRDA:29,0,1,0
BRDA:43,1,0,18
BRDA:43,1,1,9
BRDA:62,2,0,45
BRDA:62,2,1,44
BRDA:65,3,0,89
BRDA:65,3,1,8
BRDA:81,4,0,45
BRDA:81,4,1,44
BRDA:88,5,0,45
BRDA:88,5,1,44
BRF:12
BRH:11
end_of_record
TN:
SF:src\components\UnitProperties\index.js
FN:7,(anonymous_0)
FN:9,(anonymous_1)
FN:17,(anonymous_2)
FNF:3
FNH:3
FNDA:4,(anonymous_0)
FNDA:4,(anonymous_1)
FNDA:294,(anonymous_2)
DA:7,2
DA:8,4
DA:9,4
DA:11,4
DA:12,4
DA:14,4
DA:15,4
DA:17,294
DA:19,4
DA:20,1
DA:22,3
DA:23,3
DA:24,2
DA:28,3
LF:14
LH:14
BRDA:19,0,0,1
BRDA:19,0,1,3
BRDA:23,1,0,2
BRDA:23,1,1,1
BRDA:49,2,0,3
BRDA:49,2,1,1
BRDA:53,3,0,3
BRDA:53,3,1,3
BRDA:57,4,0,3
BRDA:57,4,1,1
BRDA:61,5,0,3
BRDA:61,5,1,1
BRDA:65,6,0,3
BRDA:65,6,1,1
BRDA:69,7,0,3
BRDA:69,7,1,0
BRDA:73,8,0,3
BRDA:73,8,1,1
BRDA:77,9,0,3
BRDA:77,9,1,1
BRF:20
BRH:19
end_of_record
TN:
SF:src\components\UnitsList\index.js
FN:7,(anonymous_0)
FN:8,(anonymous_1)
FN:10,(anonymous_2)
FN:19,(anonymous_3)
FN:81,(anonymous_4)
FN:91,(anonymous_5)
FNF:6
FNH:6
FNDA:26,(anonymous_0)
FNDA:56,(anonymous_1)
FNDA:26,(anonymous_2)
FNDA:2704,(anonymous_3)
FNDA:1550,(anonymous_4)
FNDA:2709,(anonymous_5)
DA:7,5
DA:8,56
DA:10,26
DA:11,26
DA:12,26
DA:13,26
DA:15,26
DA:16,26
DA:17,26
DA:19,26
DA:21,2704
DA:22,2704
DA:23,2470
DA:26,2704
DA:32,2704
DA:34,1768
DA:39,2704
DA:40,1248
DA:45,2704
DA:46,728
DA:52,2704
DA:53,2600
DA:56,104
DA:65,26
DA:82,1550
DA:92,2709
LF:26
LH:26
BRDA:22,0,0,2470
BRDA:22,0,1,234
BRDA:32,1,0,1768
BRDA:32,1,1,936
BRDA:35,2,0,1768
BRDA:35,2,1,918
BRDA:35,2,2,1120
BRDA:35,2,3,844
BRDA:39,3,0,1248
BRDA:39,3,1,1456
BRDA:41,4,0,1248
BRDA:41,4,1,672
BRDA:41,4,2,744
BRDA:41,4,3,538
BRDA:45,5,0,728
BRDA:45,5,1,1976
BRDA:47,6,0,728
BRDA:47,6,1,147
BRDA:47,6,2,644
BRDA:47,6,3,566
BRDA:52,7,0,2600
BRDA:52,7,1,104
BRDA:53,8,0,2600
BRDA:53,8,1,2102
BRDA:53,8,2,1808
BRDA:57,9,0,104
BRDA:57,9,1,41
BRDA:57,9,2,41
BRDA:57,9,3,41
BRDA:74,10,0,26
BRDA:74,10,1,1
BRDA:89,11,0,126
BRDA:89,11,1,1424
BRF:33
BRH:33
end_of_record
TN:
SF:src\pages\HomePage.js
FN:3,(anonymous_0)
FNF:1
FNH:1
FNDA:2,(anonymous_0)
DA:3,2
DA:4,2
LF:2
LH:2
BRF:0
BRH:0
end_of_record
TN:
SF:src\pages\NotFoundPage.js
FN:3,(anonymous_0)
FNF:1
FNH:1
FNDA:2,(anonymous_0)
DA:3,2
DA:4,2
LF:2
LH:2
BRF:0
BRH:0
end_of_record
TN:
SF:src\pages\UnitDetails.js
FN:4,(anonymous_0)
FNF:1
FNH:1
FNDA:4,(anonymous_0)
DA:4,2
DA:5,4
LF:2
LH:2
BRF:0
BRH:0
end_of_record
TN:
SF:src\pages\Units.js
FN:4,(anonymous_0)
FNF:1
FNH:1
FNDA:2,(anonymous_0)
DA:4,2
DA:5,2
LF:2
LH:2
BRF:0
BRH:0
end_of_record
TN:
SF:src\store\index.js
FNF:0
FNH:0
DA:5,6
DA:7,6
LF:2
LH:2
BRDA:5,0,0,6
BRDA:5,0,1,6
BRF:2
BRH:2
end_of_record
TN:
SF:src\store\actionTypes\dimension.js
FNF:0
FNH:0
DA:1,6
DA:2,6
DA:3,6
LF:3
LH:3
BRF:0
BRH:0
end_of_record
TN:
SF:src\store\actionTypes\index.js
FNF:0
FNH:0
DA:3,6
LF:1
LH:1
BRF:0
BRH:0
end_of_record
TN:
SF:src\store\actions\dimensionActions.js
FN:3,(anonymous_0)
FN:6,(anonymous_1)
FN:9,(anonymous_2)
FNF:3
FNH:3
FNDA:1,(anonymous_0)
FNDA:32,(anonymous_1)
FNDA:3,(anonymous_2)
DA:3,5
DA:4,1
DA:6,5
DA:7,32
DA:9,5
DA:10,3
DA:13,5
LF:7
LH:7
BRF:0
BRH:0
end_of_record
TN:
SF:src\store\reducers\dimensionReducer.js
FN:28,(anonymous_0)
FNF:1
FNH:1
FNDA:54,(anonymous_0)
DA:4,6
DA:6,6
DA:28,6
DA:29,54
DA:31,1
DA:36,1
DA:39,32
DA:51,32
DA:54,3
DA:65,3
DA:68,18
LF:11
LH:11
BRDA:28,0,0,18
BRDA:29,1,0,1
BRDA:29,1,1,32
BRDA:29,1,2,3
BRDA:29,1,3,18
BRF:5
BRH:5
end_of_record
TN:
SF:src\store\reducers\index.js
FNF:0
FNH:0
DA:4,6
LF:1
LH:1
BRF:0
BRH:0
end_of_record
