TN:
SF:src\App.js
FN:9,App
FNF:1
FNH:1
FNDA:4,App
DA:10,4
LF:1
LH:1
BRF:0
BRH:0
end_of_record
TN:
SF:src\index.js
FNF:0
FNH:0
DA:9,0
DA:11,0
DA:13,0
LF:3
LH:0
BRF:0
BRH:0
end_of_record
TN:
SF:src\components\Filters\index.js
FN:6,(anonymous_0)
FNF:1
FNH:1
FNDA:3,(anonymous_0)
DA:6,3
DA:7,3
LF:2
LH:2
BRF:0
BRH:0
end_of_record
TN:
SF:src\components\Filters\AgeFilter\index.js
FN:8,(anonymous_0)
FN:10,(anonymous_1)
FN:14,(anonymous_2)
FNF:3
FNH:3
FNDA:9,(anonymous_0)
FNDA:19,(anonymous_1)
FNDA:1,(anonymous_2)
DA:8,4
DA:9,9
DA:10,19
DA:11,9
DA:13,9
DA:15,1
DA:20,9
LF:7
LH:7
BRF:0
BRH:0
end_of_record
TN:
SF:src\components\Filters\CostFilter\index.js
FN:8,(anonymous_0)
FN:10,(anonymous_1)
FN:14,(anonymous_2)
FN:27,(anonymous_3)
FNF:4
FNH:4
FNDA:35,(anonymous_0)
FNDA:78,(anonymous_1)
FNDA:40,(anonymous_2)
FNDA:3,(anonymous_3)
DA:8,4
DA:9,35
DA:10,78
DA:11,35
DA:13,35
DA:15,40
DA:26,35
DA:28,3
DA:37,35
DA:43,35
LF:10
LH:10
BRDA:53,0,0,25
BRDA:53,0,1,10
BRDA:73,1,0,18
BRDA:73,1,1,17
BRDA:93,2,0,11
BRDA:93,2,1,24
BRF:6
BRH:6
end_of_record
TN:
SF:src\components\ImageContainer\index.js
FN:6,(anonymous_0)
FNF:1
FNH:1
FNDA:2,(anonymous_0)
DA:6,2
DA:7,2
LF:2
LH:2
BRF:0
BRH:0
end_of_record
TN:
SF:src\components\MainHeader\index.js
FN:5,(anonymous_0)
FN:14,(anonymous_1)
FN:22,(anonymous_2)
FNF:3
FNH:3
FNDA:4,(anonymous_0)
FNDA:9,(anonymous_1)
FNDA:9,(anonymous_2)
DA:5,2
DA:6,4
DA:14,9
DA:22,9
LF:4
LH:4
BRDA:14,0,0,2
BRDA:14,0,1,7
BRDA:22,1,0,6
BRDA:22,1,1,3
BRF:4
BRH:4
end_of_record
TN:
SF:src\components\NotFound\index.js
FN:4,(anonymous_0)
FNF:1
FNH:1
FNDA:2,(anonymous_0)
DA:4,2
DA:5,2
LF:2
LH:2
BRF:0
BRH:0
end_of_record
TN:
SF:src\components\UI\Card\index.js
FN:5,(anonymous_0)
FNF:1
FNH:1
FNDA:2,(anonymous_0)
DA:5,2
DA:6,2
DA:11,2
LF:3
LH:3
BRF:0
BRH:0
end_of_record
TN:
SF:src\components\UI\MultiRangeSlider\index.js
FN:6,(anonymous_0)
FN:14,(anonymous_1)
FN:25,(anonymous_2)
FN:30,(anonymous_3)
FN:41,(anonymous_4)
FN:46,(anonymous_5)
FN:61,(anonymous_6)
FN:78,(anonymous_7)
FNF:8
FNH:8
FNDA:121,(anonymous_0)
FNDA:250,(anonymous_1)
FNDA:80,(anonymous_2)
FNDA:40,(anonymous_3)
FNDA:40,(anonymous_4)
FNDA:27,(anonymous_5)
FNDA:8,(anonymous_6)
FNDA:8,(anonymous_7)
DA:6,4
DA:14,250
DA:15,121
DA:17,121
DA:18,121
DA:19,121
DA:20,121
DA:21,121
DA:24,121
DA:25,80
DA:30,121
DA:31,40
DA:32,40
DA:33,40
DA:34,40
DA:35,40
DA:36,40
DA:41,121
DA:42,40
DA:46,121
DA:47,27
DA:48,18
DA:49,18
DA:53,121
DA:62,8
DA:63,8
DA:64,8
DA:79,8
DA:80,8
DA:81,8
DA:101,4
LF:31
LH:31
BRDA:33,0,0,40
BRDA:33,0,1,0
BRDA:47,1,0,18
BRDA:47,1,1,9
BRDA:66,2,0,51
BRDA:66,2,1,70
BRDA:69,3,0,121
BRDA:69,3,1,8
BRDA:85,4,0,51
BRDA:85,4,1,70
BRDA:92,5,0,51
BRDA:92,5,1,70
BRF:12
BRH:11
end_of_record
TN:
SF:src\components\UnitProperties\index.js
FN:7,(anonymous_0)
FN:9,(anonymous_1)
FN:17,(anonymous_2)
FNF:3
FNH:3
FNDA:4,(anonymous_0)
FNDA:4,(anonymous_1)
FNDA:294,(anonymous_2)
DA:7,2
DA:8,4
DA:9,4
DA:11,4
DA:12,4
DA:14,4
DA:15,4
DA:17,294
DA:19,4
DA:20,1
DA:22,3
DA:23,3
DA:24,2
DA:28,3
LF:14
LH:14
BRDA:19,0,0,1
BRDA:19,0,1,3
BRDA:23,1,0,2
BRDA:23,1,1,1
BRDA:49,2,0,3
BRDA:49,2,1,1
BRDA:53,3,0,3
BRDA:53,3,1,3
BRDA:57,4,0,3
BRDA:57,4,1,1
BRDA:61,5,0,3
BRDA:61,5,1,1
BRDA:65,6,0,3
BRDA:65,6,1,1
BRDA:69,7,0,3
BRDA:69,7,1,0
BRDA:73,8,0,3
BRDA:73,8,1,1
BRDA:77,9,0,3
BRDA:77,9,1,1
BRF:20
BRH:19
end_of_record
TN:
SF:src\components\UnitsList\index.js
FN:7,(anonymous_0)
FN:8,(anonymous_1)
FN:10,(anonymous_2)
FN:19,(anonymous_3)
FN:81,(anonymous_4)
FN:91,(anonymous_5)
FNF:6
FNH:6
FNDA:34,(anonymous_0)
FNDA:72,(anonymous_1)
FNDA:34,(anonymous_2)
FNDA:3536,(anonymous_3)
FNDA:2653,(anonymous_4)
FNDA:4622,(anonymous_5)
DA:7,5
DA:8,72
DA:10,34
DA:11,34
DA:12,34
DA:13,34
DA:15,34
DA:16,34
DA:17,34
DA:19,34
DA:21,3536
DA:22,3536
DA:23,3230
DA:26,3536
DA:32,3536
DA:34,2600
DA:39,3536
DA:40,1872
DA:45,3536
DA:46,1144
DA:52,3536
DA:53,3432
DA:56,104
DA:65,34
DA:82,2653
DA:92,4622
LF:26
LH:26
BRDA:22,0,0,3230
BRDA:22,0,1,306
BRDA:32,1,0,2600
BRDA:32,1,1,936
BRDA:35,2,0,2600
BRDA:35,2,1,1350
BRDA:35,2,2,1466
BRDA:35,2,3,1242
BRDA:39,3,0,1872
BRDA:39,3,1,1664
BRDA:41,4,0,1872
BRDA:41,4,1,1008
BRDA:41,4,2,976
BRDA:41,4,3,820
BRDA:45,5,0,1144
BRDA:45,5,1,2392
BRDA:47,6,0,1144
BRDA:47,6,1,231
BRDA:47,6,2,955
BRDA:47,6,3,894
BRDA:52,7,0,3432
BRDA:52,7,1,104
BRDA:53,8,0,3432
BRDA:53,8,1,3028
BRDA:53,8,2,2814
BRDA:57,9,0,104
BRDA:57,9,1,41
BRDA:57,9,2,41
BRDA:57,9,3,41
BRDA:74,10,0,34
BRDA:74,10,1,1
BRDA:89,11,0,225
BRDA:89,11,1,2428
BRF:33
BRH:33
end_of_record
TN:
SF:src\pages\HomePage.js
FN:3,(anonymous_0)
FNF:1
FNH:1
FNDA:2,(anonymous_0)
DA:3,2
DA:4,2
LF:2
LH:2
BRF:0
BRH:0
end_of_record
TN:
SF:src\pages\NotFoundPage.js
FN:3,(anonymous_0)
FNF:1
FNH:1
FNDA:2,(anonymous_0)
DA:3,2
DA:4,2
LF:2
LH:2
BRF:0
BRH:0
end_of_record
TN:
SF:src\pages\UnitDetails.js
FN:4,(anonymous_0)
FNF:1
FNH:1
FNDA:4,(anonymous_0)
DA:4,2
DA:5,4
LF:2
LH:2
BRF:0
BRH:0
end_of_record
TN:
SF:src\pages\Units.js
FN:4,(anonymous_0)
FNF:1
FNH:1
FNDA:2,(anonymous_0)
DA:4,2
DA:5,2
LF:2
LH:2
BRF:0
BRH:0
end_of_record
TN:
SF:src\store\index.js
FNF:0
FNH:0
DA:5,6
DA:7,6
LF:2
LH:2
BRDA:5,0,0,6
BRDA:5,0,1,6
BRF:2
BRH:2
end_of_record
TN:
SF:src\store\actionTypes\dimension.js
FNF:0
FNH:0
DA:1,6
DA:2,6
DA:3,6
LF:3
LH:3
BRF:0
BRH:0
end_of_record
TN:
SF:src\store\actionTypes\index.js
FNF:0
FNH:0
DA:3,6
LF:1
LH:1
BRF:0
BRH:0
end_of_record
TN:
SF:src\store\actions\dimensionActions.js
FN:3,(anonymous_0)
FN:6,(anonymous_1)
FN:9,(anonymous_2)
FNF:3
FNH:3
FNDA:1,(anonymous_0)
FNDA:40,(anonymous_1)
FNDA:3,(anonymous_2)
DA:3,5
DA:4,1
DA:6,5
DA:7,40
DA:9,5
DA:10,3
DA:13,5
LF:7
LH:7
BRF:0
BRH:0
end_of_record
TN:
SF:src\store\reducers\dimensionReducer.js
FN:28,(anonymous_0)
FNF:1
FNH:1
FNDA:62,(anonymous_0)
DA:4,6
DA:6,6
DA:28,6
DA:29,62
DA:31,1
DA:36,1
DA:39,40
DA:51,40
DA:54,3
DA:65,3
DA:68,18
LF:11
LH:11
BRDA:28,0,0,18
BRDA:29,1,0,1
BRDA:29,1,1,40
BRDA:29,1,2,3
BRDA:29,1,3,18
BRF:5
BRH:5
end_of_record
TN:
SF:src\store\reducers\index.js
FNF:0
FNH:0
DA:4,6
LF:1
LH:1
BRF:0
BRH:0
end_of_record
